<?xml version="1.0" encoding="UTF-8"?>
<testsuite name="MoodAnalyserTest" tests="2" skipped="0" failures="0" errors="0" timestamp="2020-08-13T03:56:11" hostname="DESKTOP-SPMDGAR" time="0.001">
  <properties/>
  <testcase name="happyMood_returnHappy_ifMoodEqualsOtherThanSad" classname="MoodAnalyserTest" time="0.001"/>
  <testcase name="sadMood_returnSad_ifMoodEqualsSad" classname="MoodAnalyserTest" time="0.0"/>
  <system-out><![CDATA[]]></system-out>
  <system-err><![CDATA[]]></system-err>
</testsuite>
